{"C:\Projects\rrr\Finished\app\inputText.jsx": {"path":"C:\\Projects\\rrr\\Finished\\app\\inputText.jsx","statementMap":{"1":{"start":{"line":1,"column":12},"end":{"line":1,"column":28}},"2":{"start":{"line":3,"column":16},"end":{"line":19,"column":1}},"3":{"start":{"line":4,"column":4},"end":{"line":18,"column":6}},"4":{"start":{"line":12,"column":31},"end":{"line":15,"column":18}},"5":{"start":{"line":21,"column":0},"end":{"line":25,"column":2}},"6":{"start":{"line":27,"column":0},"end":{"line":27,"column":27}}},"fnMap":{"1":{"name":"(anonymous_1)","decl":{"start":{"line":3,"column":16},"end":{"line":3,"column":17}},"loc":{"start":{"line":3,"column":32},"end":{"line":19,"column":1}}},"2":{"name":"(anonymous_2)","decl":{"start":{"line":12,"column":26},"end":{"line":12,"column":27}},"loc":{"start":{"line":12,"column":31},"end":{"line":15,"column":18}}}},"branchMap":{"1":{"loc":{"start":{"line":10,"column":23},"end":{"line":10,"column":40}},"type":"binary-expr","locations":[{"start":{"line":10,"column":23},"end":{"line":10,"column":34}},{"start":{"line":10,"column":38},"end":{"line":10,"column":40}}]}},"s":{"1":3,"2":3,"3":14,"4":2,"5":3,"6":3},"f":{"1":14,"2":2},"b":{"1":[14,2]},"hash":"dcf899caed8d13c5742b0c9df2a5ccae131fc4ec"}
,"C:\Projects\rrr\Finished\app\movieEditor.jsx": {"path":"C:\\Projects\\rrr\\Finished\\app\\movieEditor.jsx","statementMap":{"1":{"start":{"line":1,"column":12},"end":{"line":1,"column":28}},"2":{"start":{"line":3,"column":16},"end":{"line":3,"column":42}},"3":{"start":{"line":4,"column":15},"end":{"line":4,"column":40}},"4":{"start":{"line":8,"column":8},"end":{"line":8,"column":16}},"5":{"start":{"line":9,"column":8},"end":{"line":9,"column":49}},"6":{"start":{"line":10,"column":8},"end":{"line":10,"column":41}},"7":{"start":{"line":11,"column":8},"end":{"line":11,"column":53}},"8":{"start":{"line":15,"column":8},"end":{"line":15,"column":31}},"9":{"start":{"line":19,"column":8},"end":{"line":21,"column":9}},"10":{"start":{"line":20,"column":12},"end":{"line":20,"column":31}},"11":{"start":{"line":22,"column":8},"end":{"line":22,"column":32}},"12":{"start":{"line":26,"column":8},"end":{"line":26,"column":27}},"13":{"start":{"line":27,"column":8},"end":{"line":27,"column":28}},"14":{"start":{"line":31,"column":20},"end":{"line":31,"column":36}},"15":{"start":{"line":32,"column":23},"end":{"line":32,"column":36}},"16":{"start":{"line":33,"column":32},"end":{"line":33,"column":55}},"17":{"start":{"line":34,"column":8},"end":{"line":36,"column":9}},"18":{"start":{"line":35,"column":12},"end":{"line":35,"column":61}},"19":{"start":{"line":38,"column":8},"end":{"line":81,"column":25}},"20":{"start":{"line":85,"column":0},"end":{"line":90,"column":2}},"21":{"start":{"line":92,"column":0},"end":{"line":92,"column":29}}},"fnMap":{"1":{"name":"(anonymous_1)","decl":{"start":{"line":7,"column":4},"end":{"line":7,"column":5}},"loc":{"start":{"line":7,"column":18},"end":{"line":12,"column":5}}},"2":{"name":"(anonymous_2)","decl":{"start":{"line":14,"column":4},"end":{"line":14,"column":5}},"loc":{"start":{"line":14,"column":16},"end":{"line":16,"column":5}}},"3":{"name":"(anonymous_3)","decl":{"start":{"line":18,"column":4},"end":{"line":18,"column":5}},"loc":{"start":{"line":18,"column":18},"end":{"line":23,"column":5}}},"4":{"name":"(anonymous_4)","decl":{"start":{"line":25,"column":4},"end":{"line":25,"column":5}},"loc":{"start":{"line":25,"column":12},"end":{"line":28,"column":5}}},"5":{"name":"(anonymous_5)","decl":{"start":{"line":30,"column":4},"end":{"line":30,"column":5}},"loc":{"start":{"line":30,"column":13},"end":{"line":82,"column":5}}}},"branchMap":{"1":{"loc":{"start":{"line":19,"column":8},"end":{"line":21,"column":9}},"type":"if","locations":[{"start":{"line":19,"column":8},"end":{"line":21,"column":9}},{"start":{"line":19,"column":8},"end":{"line":21,"column":9}}]},"2":{"loc":{"start":{"line":19,"column":12},"end":{"line":19,"column":33}},"type":"binary-expr","locations":[{"start":{"line":19,"column":12},"end":{"line":19,"column":13}},{"start":{"line":19,"column":17},"end":{"line":19,"column":33}}]},"3":{"loc":{"start":{"line":34,"column":8},"end":{"line":36,"column":9}},"type":"if","locations":[{"start":{"line":34,"column":8},"end":{"line":36,"column":9}},{"start":{"line":34,"column":8},"end":{"line":36,"column":9}}]},"4":{"loc":{"start":{"line":65,"column":35},"end":{"line":65,"column":51}},"type":"binary-expr","locations":[{"start":{"line":65,"column":35},"end":{"line":65,"column":45}},{"start":{"line":65,"column":49},"end":{"line":65,"column":51}}]}},"s":{"1":2,"2":2,"3":2,"4":5,"5":5,"6":5,"7":5,"8":1,"9":1,"10":1,"11":1,"12":1,"13":1,"14":5,"15":5,"16":5,"17":5,"18":5,"19":5,"20":2,"21":2},"f":{"1":5,"2":1,"3":1,"4":1,"5":5},"b":{"1":[1,0],"2":[1,1],"3":[5,0],"4":[5,1]},"hash":"c018eca1bc60efe7e57ebbaf77f8173f58b68121"}
,"C:\Projects\rrr\Finished\app\moviesList.jsx": {"path":"C:\\Projects\\rrr\\Finished\\app\\moviesList.jsx","statementMap":{"1":{"start":{"line":1,"column":12},"end":{"line":1,"column":28}},"2":{"start":{"line":3,"column":20},"end":{"line":3,"column":50}},"3":{"start":{"line":5,"column":17},"end":{"line":26,"column":1}},"4":{"start":{"line":6,"column":15},"end":{"line":10,"column":9}},"5":{"start":{"line":7,"column":8},"end":{"line":9,"column":54}},"6":{"start":{"line":12,"column":4},"end":{"line":25,"column":6}},"7":{"start":{"line":28,"column":0},"end":{"line":31,"column":2}},"8":{"start":{"line":33,"column":0},"end":{"line":33,"column":28}}},"fnMap":{"1":{"name":"(anonymous_1)","decl":{"start":{"line":5,"column":17},"end":{"line":5,"column":18}},"loc":{"start":{"line":5,"column":33},"end":{"line":26,"column":1}}},"2":{"name":"(anonymous_2)","decl":{"start":{"line":6,"column":32},"end":{"line":6,"column":33}},"loc":{"start":{"line":7,"column":8},"end":{"line":9,"column":54}}}},"branchMap":{},"s":{"1":2,"2":2,"3":2,"4":4,"5":2,"6":4,"7":2,"8":2},"f":{"1":4,"2":2},"b":{},"hash":"f7181f69c8fbe82b48e04d3b98239dcc2e0e59b9"}
,"C:\Projects\rrr\Finished\app\moviesListRow.jsx": {"path":"C:\\Projects\\rrr\\Finished\\app\\moviesListRow.jsx","statementMap":{"1":{"start":{"line":1,"column":12},"end":{"line":1,"column":28}},"2":{"start":{"line":5,"column":22},"end":{"line":5,"column":38}},"3":{"start":{"line":7,"column":8},"end":{"line":18,"column":10}},"4":{"start":{"line":12,"column":43},"end":{"line":12,"column":80}},"5":{"start":{"line":22,"column":0},"end":{"line":25,"column":2}},"6":{"start":{"line":27,"column":0},"end":{"line":27,"column":31}}},"fnMap":{"1":{"name":"(anonymous_1)","decl":{"start":{"line":4,"column":4},"end":{"line":4,"column":5}},"loc":{"start":{"line":4,"column":13},"end":{"line":19,"column":5}}},"2":{"name":"(anonymous_2)","decl":{"start":{"line":12,"column":37},"end":{"line":12,"column":38}},"loc":{"start":{"line":12,"column":43},"end":{"line":12,"column":80}}}},"branchMap":{},"s":{"1":2,"2":2,"3":2,"4":0,"5":2,"6":2},"f":{"1":2,"2":0},"b":{},"hash":"7550ab28b933277ad0f8beeb0277aa7c94905401"}
,"C:\Projects\rrr\Finished\app\moviesListState.jsx": {"path":"C:\\Projects\\rrr\\Finished\\app\\moviesListState.jsx","statementMap":{"1":{"start":{"line":1,"column":12},"end":{"line":1,"column":28}},"2":{"start":{"line":2,"column":8},"end":{"line":2,"column":25}},"3":{"start":{"line":4,"column":17},"end":{"line":4,"column":44}},"4":{"start":{"line":9,"column":8},"end":{"line":9,"column":16}},"5":{"start":{"line":10,"column":8},"end":{"line":12,"column":10}},"6":{"start":{"line":16,"column":8},"end":{"line":19,"column":16}},"7":{"start":{"line":17,"column":28},"end":{"line":19,"column":14}},"8":{"start":{"line":23,"column":8},"end":{"line":24,"column":64}},"9":{"start":{"line":28,"column":0},"end":{"line":30,"column":2}},"10":{"start":{"line":32,"column":0},"end":{"line":32,"column":33}}},"fnMap":{"1":{"name":"(anonymous_1)","decl":{"start":{"line":8,"column":4},"end":{"line":8,"column":5}},"loc":{"start":{"line":8,"column":18},"end":{"line":13,"column":5}}},"2":{"name":"(anonymous_2)","decl":{"start":{"line":15,"column":4},"end":{"line":15,"column":5}},"loc":{"start":{"line":15,"column":24},"end":{"line":20,"column":5}}},"3":{"name":"(anonymous_3)","decl":{"start":{"line":17,"column":18},"end":{"line":17,"column":19}},"loc":{"start":{"line":17,"column":28},"end":{"line":19,"column":14}}},"4":{"name":"(anonymous_4)","decl":{"start":{"line":22,"column":4},"end":{"line":22,"column":5}},"loc":{"start":{"line":22,"column":13},"end":{"line":25,"column":5}}}},"branchMap":{},"s":{"1":1,"2":1,"3":1,"4":1,"5":1,"6":1,"7":1,"8":2,"9":1,"10":1},"f":{"1":1,"2":1,"3":1,"4":2},"b":{},"hash":"3936c1d88e10003bf5640001fdb54d8d438381be"}
,"C:\Projects\rrr\Finished\app\textArea.jsx": {"path":"C:\\Projects\\rrr\\Finished\\app\\textArea.jsx","statementMap":{"1":{"start":{"line":1,"column":12},"end":{"line":1,"column":28}},"2":{"start":{"line":3,"column":15},"end":{"line":20,"column":1}},"3":{"start":{"line":4,"column":4},"end":{"line":19,"column":6}},"4":{"start":{"line":11,"column":37},"end":{"line":14,"column":24}},"5":{"start":{"line":22,"column":0},"end":{"line":26,"column":2}},"6":{"start":{"line":28,"column":0},"end":{"line":28,"column":26}}},"fnMap":{"1":{"name":"(anonymous_1)","decl":{"start":{"line":3,"column":15},"end":{"line":3,"column":16}},"loc":{"start":{"line":3,"column":31},"end":{"line":20,"column":1}}},"2":{"name":"(anonymous_2)","decl":{"start":{"line":11,"column":32},"end":{"line":11,"column":33}},"loc":{"start":{"line":11,"column":37},"end":{"line":14,"column":24}}}},"branchMap":{"1":{"loc":{"start":{"line":9,"column":29},"end":{"line":9,"column":46}},"type":"binary-expr","locations":[{"start":{"line":9,"column":29},"end":{"line":9,"column":40}},{"start":{"line":9,"column":44},"end":{"line":9,"column":46}}]}},"s":{"1":3,"2":3,"3":14,"4":1,"5":3,"6":3},"f":{"1":14,"2":1},"b":{"1":[14,2]},"hash":"d36fb3bbff14c2ada6f9bcad77a6f89296ba91ea"}
}
