TN:
SF:C:\Projects\rrr\Finished\app\inputText.jsx
FN:3,(anonymous_1)
FN:12,(anonymous_2)
FNF:2
FNH:2
FNDA:14,(anonymous_1)
FNDA:2,(anonymous_2)
DA:1,3
DA:3,3
DA:4,14
DA:12,2
DA:21,3
DA:27,3
LF:6
LH:6
BRDA:10,1,0,14
BRDA:10,1,1,2
BRF:2
BRH:2
end_of_record
TN:
SF:C:\Projects\rrr\Finished\app\movieEditor.jsx
FN:7,(anonymous_1)
FN:14,(anonymous_2)
FN:18,(anonymous_3)
FN:25,(anonymous_4)
FN:30,(anonymous_5)
FNF:5
FNH:5
FNDA:5,(anonymous_1)
FNDA:1,(anonymous_2)
FNDA:1,(anonymous_3)
FNDA:1,(anonymous_4)
FNDA:5,(anonymous_5)
DA:1,2
DA:3,2
DA:4,2
DA:8,5
DA:9,5
DA:10,5
DA:11,5
DA:15,1
DA:19,1
DA:20,1
DA:22,1
DA:26,1
DA:27,1
DA:31,5
DA:32,5
DA:33,5
DA:34,5
DA:35,5
DA:38,5
DA:85,2
DA:92,2
LF:21
LH:21
BRDA:19,1,0,1
BRDA:19,1,1,0
BRDA:19,2,0,1
BRDA:19,2,1,1
BRDA:34,3,0,5
BRDA:34,3,1,0
BRDA:65,4,0,5
BRDA:65,4,1,1
BRF:8
BRH:6
end_of_record
TN:
SF:C:\Projects\rrr\Finished\app\moviesList.jsx
FN:5,(anonymous_1)
FN:6,(anonymous_2)
FNF:2
FNH:2
FNDA:4,(anonymous_1)
FNDA:2,(anonymous_2)
DA:1,2
DA:3,2
DA:5,2
DA:6,4
DA:7,2
DA:12,4
DA:28,2
DA:33,2
LF:8
LH:8
BRF:0
BRH:0
end_of_record
TN:
SF:C:\Projects\rrr\Finished\app\moviesListRow.jsx
FN:4,(anonymous_1)
FN:12,(anonymous_2)
FNF:2
FNH:1
FNDA:2,(anonymous_1)
FNDA:0,(anonymous_2)
DA:1,2
DA:5,2
DA:7,2
DA:12,0
DA:22,2
DA:27,2
LF:6
LH:5
BRF:0
BRH:0
end_of_record
TN:
SF:C:\Projects\rrr\Finished\app\moviesListState.jsx
FN:8,(anonymous_1)
FN:15,(anonymous_2)
FN:17,(anonymous_3)
FN:22,(anonymous_4)
FNF:4
FNH:4
FNDA:1,(anonymous_1)
FNDA:1,(anonymous_2)
FNDA:1,(anonymous_3)
FNDA:2,(anonymous_4)
DA:1,1
DA:2,1
DA:4,1
DA:9,1
DA:10,1
DA:16,1
DA:17,1
DA:23,2
DA:28,1
DA:32,1
LF:10
LH:10
BRF:0
BRH:0
end_of_record
TN:
SF:C:\Projects\rrr\Finished\app\textArea.jsx
FN:3,(anonymous_1)
FN:11,(anonymous_2)
FNF:2
FNH:2
FNDA:14,(anonymous_1)
FNDA:1,(anonymous_2)
DA:1,3
DA:3,3
DA:4,14
DA:11,1
DA:22,3
DA:28,3
LF:6
LH:6
BRDA:9,1,0,14
BRDA:9,1,1,2
BRF:2
BRH:2
end_of_record
